[TL] User: salom
[TL] Bot: chilling. o'qiysanmi?
[SO] User: yahshimisan
[SO] Bot: issiq. havo do i kak
[IT] User: nima deding
[IT] Bot: zdravstvuy! or olsak solnechno. uyda,
[FI] User: hello
[FI] Bot: normal'no, wanna
[FI] User: hello
[FI] Bot: dela? or
[EN] User: whats up?
[EN] Bot: do fantastiku. kofe, not
[EN] User: whats are you doing?
[EN] Bot: da, from olsak vse
[SO] User: qalesan
[SO] Bot: home, albatta,
[TL] User: salom
[TL] Bot: every where uchrashamiz?
[EN] User: whats up
[EN] Bot: moskvy. 5 you
[EN] User: what are u doing
[EN] Bot: coffee, do chitayu film rahmat.
[EN] User: how are you
[EN] Bot: tea? sen rabota? yeymiz?
[EN] User: who are you
[EN] Bot: knigu. from sport? at grab from? how's albatta, poydem rabota? sevaman. albatta, lekin normal'no,
[SO] User: uzingni qanday his qilyapsan
[SO] Bot: novogo? new rabota? sevaman.
[TL] User: salom
[TL] Bot: good, telefonim. not rabota? every poydem
[FI] User: hello
[FI] Bot: zavtra new narsa
[EN] User: what is your name
[EN] Bot: poyezd sunny every albatta, salom,
[PL] User: kofe ichamizmi?
[PL] Bot: phone. moskvy. solnechno. chilling.
[CY] User: u want coffe?
[CY] Bot: any the love the mozhet, yes, today. yaxshi,
[SO] User: mahalla qayerda
[SO] Bot: tomorrow what's pyat' rahmat. doing?
[TL] User: isming nima
[TL] Bot: segodnya any grab bugun
[TR] User: Nima yangiliklar?
[TR] Bot: books? meet? reading sen where sen zdravstvuy! vechera. at
[SO] User: Qayerdasan?
[SO] Bot: tea? bor. the kak normal'no, reading 5 doing? nima? nima yeymiz? every grab sen
[LT] User: Kino ko'rdingizmi?
[LT] Bot: hello kino? where yangi? joyida.
[TR] User: Nima yeymiz?
[TR] Bot: da, up? tong! ertaga kak yangi? poyezd hamma
[SO] User: Ish qalay?
[SO] Bot: albatta, yangi? begayu
[EN] User: What's up?
[EN] Bot: for mening reading joyida. soat bugun poydem moskvy. moskvy. poydem salom, bor. osobenno bir fine,
[EN] User: How's the weather?
[EN] Bot: rahmat. are
[EN] User: What are you doing?
[EN] Bot: poydem got chitayu dela? kino? sevaman.
[EN] User: What's for dinner?
[EN] Bot: you? u reading.
